TN:
SF:src\app.js
FN:17,(anonymous_0)
FN:33,(anonymous_1)
FN:38,(anonymous_2)
FNF:3
FNH:1
FNDA:3,(anonymous_0)
FNDA:0,(anonymous_1)
FNDA:0,(anonymous_2)
DA:10,2
DA:13,2
DA:14,2
DA:17,2
DA:18,3
DA:19,3
DA:23,2
DA:24,2
DA:25,2
DA:26,2
DA:29,2
DA:30,2
DA:33,2
DA:34,0
DA:38,2
DA:39,0
LF:16
LH:14
BRF:0
BRH:0
end_of_record
TN:
SF:src\docs\swagger.js
FNF:0
FNH:0
DA:37,2
LF:1
LH:1
BRF:0
BRH:0
end_of_record
TN:
SF:src\routes\analyze.js
FN:74,(anonymous_0)
FNF:1
FNH:1
FNDA:3,(anonymous_0)
DA:1,3
DA:8,3
DA:11,3
DA:12,3
DA:13,3
DA:14,3
DA:17,3
DA:74,3
DA:75,3
DA:76,3
DA:78,3
DA:79,1
DA:84,2
DA:86,2
DA:87,2
DA:93,2
DA:94,2
DA:101,2
DA:103,2
DA:104,0
DA:107,2
DA:109,2
DA:110,2
DA:111,2
DA:114,2
DA:115,2
DA:117,2
DA:119,0
DA:122,2
LF:29
LH:27
BRDA:78,0,0,1
BRDA:78,0,1,2
BRDA:103,1,0,0
BRDA:103,1,1,2
BRDA:109,2,0,2
BRDA:109,2,1,0
BRDA:111,3,0,2
BRDA:111,3,1,0
BRF:8
BRH:5
end_of_record
TN:
SF:src\routes\interview.js
FN:71,(anonymous_0)
FNF:1
FNH:1
FNDA:1,(anonymous_0)
DA:8,2
DA:9,2
DA:11,2
DA:13,2
DA:15,2
DA:71,2
DA:72,1
DA:74,1
DA:75,1
DA:78,0
DA:79,0
DA:82,0
DA:89,0
DA:90,0
DA:92,0
DA:93,0
DA:94,0
DA:97,0
DA:99,0
DA:101,0
DA:103,0
DA:106,0
LF:22
LH:9
BRDA:74,0,0,1
BRDA:74,0,1,0
BRDA:92,1,0,0
BRDA:92,1,1,0
BRDA:94,2,0,0
BRDA:94,2,1,0
BRF:6
BRH:1
end_of_record
TN:
SF:src\routes\match.js
FN:73,(anonymous_0)
FNF:1
FNH:1
FNDA:2,(anonymous_0)
DA:8,2
DA:9,2
DA:12,2
DA:14,2
DA:16,2
DA:73,2
DA:74,2
DA:76,2
DA:77,1
DA:80,1
DA:82,1
DA:88,1
DA:95,1
DA:96,1
DA:98,1
DA:99,1
DA:100,1
DA:103,1
DA:105,1
DA:107,1
DA:109,0
DA:112,1
LF:22
LH:21
BRDA:76,0,0,1
BRDA:76,0,1,1
BRDA:98,1,0,1
BRDA:98,1,1,0
BRDA:100,2,0,1
BRDA:100,2,1,0
BRF:6
BRH:4
end_of_record
TN:
SF:src\utils\calculateSimilarity.js
FN:1,calculateSimilarity
FN:2,(anonymous_1)
FNF:2
FNH:2
FNDA:3,calculateSimilarity
FNDA:4,(anonymous_1)
DA:2,4
DA:3,3
DA:4,3
LF:3
LH:3
BRF:0
BRH:0
end_of_record
TN:
SF:test\utils\setupAppForTest.js
FN:11,setupTestApp
FNF:1
FNH:1
FNDA:1,setupTestApp
DA:2,1
DA:5,1
DA:12,1
DA:13,1
DA:14,1
DA:15,1
LF:6
LH:6
BRF:0
BRH:0
end_of_record
