TN:
SF:src\app.js
FN:23,(anonymous_0)
FN:52,(anonymous_1)
FN:60,(anonymous_2)
FNF:3
FNH:1
FNDA:3,(anonymous_0)
FNDA:0,(anonymous_1)
FNDA:0,(anonymous_2)
DA:16,2
DA:19,2
DA:20,2
DA:23,2
DA:24,3
DA:25,3
DA:31,2
DA:35,2
DA:38,2
DA:39,2
DA:45,2
DA:46,2
DA:52,2
DA:53,0
DA:60,2
DA:61,0
LF:16
LH:14
BRF:0
BRH:0
end_of_record
TN:
SF:src\docs\swagger.js
FNF:0
FNH:0
DA:3,2
LF:1
LH:1
BRF:0
BRH:0
end_of_record
TN:
SF:src\routes\analyze.js
FN:92,(anonymous_0)
FNF:1
FNH:1
FNDA:3,(anonymous_0)
DA:5,3
DA:12,3
DA:15,3
DA:16,3
DA:17,3
DA:18,3
DA:26,3
DA:92,3
DA:93,3
DA:94,3
DA:97,3
DA:98,1
DA:104,2
DA:107,2
DA:108,2
DA:117,2
DA:118,2
DA:125,2
DA:127,2
DA:128,0
DA:131,2
DA:134,2
DA:135,2
DA:136,2
DA:140,2
DA:141,2
DA:143,2
DA:146,0
DA:150,2
LF:29
LH:27
BRDA:97,0,0,1
BRDA:97,0,1,2
BRDA:127,1,0,0
BRDA:127,1,1,2
BRDA:134,2,0,2
BRDA:134,2,1,0
BRDA:136,3,0,2
BRDA:136,3,1,0
BRF:8
BRH:5
end_of_record
TN:
SF:src\routes\interview.js
FN:71,(anonymous_0)
FNF:1
FNH:1
FNDA:1,(anonymous_0)
DA:8,2
DA:9,2
DA:11,2
DA:13,2
DA:15,2
DA:71,2
DA:72,1
DA:74,1
DA:75,1
DA:78,0
DA:79,0
DA:82,0
DA:89,0
DA:90,0
DA:92,0
DA:93,0
DA:94,0
DA:97,0
DA:99,0
DA:101,0
DA:103,0
DA:106,0
LF:22
LH:9
BRDA:74,0,0,1
BRDA:74,0,1,0
BRDA:92,1,0,0
BRDA:92,1,1,0
BRDA:94,2,0,0
BRDA:94,2,1,0
BRF:6
BRH:1
end_of_record
TN:
SF:src\routes\match.js
FN:73,(anonymous_0)
FNF:1
FNH:1
FNDA:2,(anonymous_0)
DA:8,2
DA:9,2
DA:12,2
DA:14,2
DA:16,2
DA:73,2
DA:74,2
DA:76,2
DA:77,1
DA:80,1
DA:82,1
DA:88,1
DA:95,1
DA:96,1
DA:98,1
DA:99,1
DA:100,1
DA:103,1
DA:105,1
DA:107,1
DA:109,0
DA:112,1
LF:22
LH:21
BRDA:76,0,0,1
BRDA:76,0,1,1
BRDA:98,1,0,1
BRDA:98,1,1,0
BRDA:100,2,0,1
BRDA:100,2,1,0
BRF:6
BRH:4
end_of_record
TN:
SF:src\utils\calculateSimilarity.js
FN:1,calculateSimilarity
FN:2,(anonymous_1)
FNF:2
FNH:2
FNDA:3,calculateSimilarity
FNDA:4,(anonymous_1)
DA:2,4
DA:3,3
DA:4,3
LF:3
LH:3
BRF:0
BRH:0
end_of_record
TN:
SF:src\utils\rateLimiter.js
FN:7,(anonymous_0)
FN:18,(anonymous_1)
FN:22,(anonymous_2)
FNF:3
FNH:0
FNDA:0,(anonymous_0)
FNDA:0,(anonymous_1)
FNDA:0,(anonymous_2)
DA:4,2
DA:8,0
DA:18,2
DA:19,0
DA:23,0
LF:5
LH:2
BRF:0
BRH:0
end_of_record
TN:
SF:test\utils\setupAppForTest.js
FN:11,setupTestApp
FNF:1
FNH:1
FNDA:1,setupTestApp
DA:2,1
DA:5,1
DA:12,1
DA:13,1
DA:14,1
DA:15,1
LF:6
LH:6
BRF:0
BRH:0
end_of_record
